TN:
SF:js/hero-parallax.js
FN:8,(anonymous_0)
FN:22,(anonymous_1)
FN:33,update
FN:47,onScroll
FN:54,onResize
FNF:5
FNH:0
FNDA:0,(anonymous_0)
FNDA:0,(anonymous_1)
FNDA:0,update
FNDA:0,onScroll
FNDA:0,onResize
DA:8,0
DA:10,0
DA:11,0
DA:13,0
DA:14,0
DA:19,0
DA:20,0
DA:22,0
DA:23,0
DA:24,0
DA:27,0
DA:34,0
DA:36,0
DA:38,0
DA:39,0
DA:41,0
DA:42,0
DA:43,0
DA:48,0
DA:49,0
DA:50,0
DA:55,0
DA:56,0
DA:60,0
DA:61,0
DA:64,0
DA:65,0
DA:67,0
LF:28
LH:0
BRDA:10,0,0,0
BRDA:10,0,1,0
BRDA:11,1,0,0
BRDA:11,1,1,0
BRDA:14,2,0,0
BRDA:14,2,1,0
BRDA:20,3,0,0
BRDA:20,3,1,0
BRDA:23,4,0,0
BRDA:23,4,1,0
BRDA:27,5,0,0
BRDA:27,5,1,0
BRDA:38,6,0,0
BRDA:38,6,1,0
BRDA:48,7,0,0
BRDA:48,7,1,0
BRDA:55,8,0,0
BRDA:55,8,1,0
BRDA:64,9,0,0
BRDA:64,9,1,0
BRDA:64,10,0,0
BRDA:64,10,1,0
BRF:22
BRH:0
end_of_record
TN:
SF:js/navbar.js
FN:1,(anonymous_0)
FN:27,trapFocus
FN:29,(anonymous_2)
FN:43,openMenu
FN:60,closeMenu
FN:78,toggleMenu
FN:82,onKeyDown
FN:85,onKeyDownTrap
FN:94,(anonymous_8)
FN:106,(anonymous_9)
FN:115,(anonymous_10)
FN:123,(anonymous_11)
FN:127,(anonymous_12)
FNF:13
FNH:0
FNDA:0,(anonymous_0)
FNDA:0,trapFocus
FNDA:0,(anonymous_2)
FNDA:0,openMenu
FNDA:0,closeMenu
FNDA:0,toggleMenu
FNDA:0,onKeyDown
FNDA:0,onKeyDownTrap
FNDA:0,(anonymous_8)
FNDA:0,(anonymous_9)
FNDA:0,(anonymous_10)
FNDA:0,(anonymous_11)
FNDA:0,(anonymous_12)
DA:1,0
DA:3,0
DA:4,0
DA:5,0
DA:7,0
DA:15,0
DA:24,0
DA:26,0
DA:28,0
DA:29,0
DA:31,0
DA:32,0
DA:33,0
DA:34,0
DA:35,0
DA:36,0
DA:37,0
DA:38,0
DA:39,0
DA:44,0
DA:45,0
DA:46,0
DA:47,0
DA:48,0
DA:49,0
DA:50,0
DA:51,0
DA:52,0
DA:53,0
DA:54,0
DA:56,0
DA:57,0
DA:58,0
DA:61,0
DA:62,0
DA:63,0
DA:64,0
DA:65,0
DA:66,0
DA:67,0
DA:68,0
DA:69,0
DA:70,0
DA:71,0
DA:72,0
DA:73,0
DA:74,0
DA:79,0
DA:80,0
DA:83,0
DA:86,0
DA:87,0
DA:90,0
DA:91,0
DA:92,0
DA:94,0
DA:95,0
DA:102,0
DA:103,0
DA:104,0
DA:105,0
DA:106,0
DA:107,0
DA:109,0
DA:110,0
DA:113,0
DA:114,0
DA:115,0
DA:116,0
DA:117,0
DA:118,0
DA:120,0
DA:121,0
DA:123,0
DA:124,0
DA:125,0
DA:127,0
DA:128,0
DA:129,0
DA:132,0
DA:133,0
DA:135,0
DA:136,0
DA:138,0
DA:139,0
DA:141,0
DA:142,0
DA:144,0
DA:145,0
DA:146,0
LF:90
LH:0
BRDA:31,0,0,0
BRDA:31,0,1,0
BRDA:34,1,0,0
BRDA:34,1,1,0
BRDA:34,2,0,0
BRDA:34,2,1,0
BRDA:37,3,0,0
BRDA:37,3,1,0
BRDA:37,4,0,0
BRDA:37,4,1,0
BRDA:44,5,0,0
BRDA:44,5,1,0
BRDA:44,6,0,0
BRDA:44,6,1,0
BRDA:44,6,2,0
BRDA:61,7,0,0
BRDA:61,7,1,0
BRDA:61,8,0,0
BRDA:61,8,1,0
BRDA:61,8,2,0
BRDA:72,9,0,0
BRDA:72,9,1,0
BRDA:72,10,0,0
BRDA:72,10,1,0
BRDA:80,11,0,0
BRDA:80,11,1,0
BRDA:83,12,0,0
BRDA:83,12,1,0
BRDA:86,13,0,0
BRDA:86,13,1,0
BRDA:90,14,0,0
BRDA:90,14,1,0
BRDA:90,15,0,0
BRDA:90,15,1,0
BRDA:90,15,2,0
BRDA:95,16,0,0
BRDA:95,16,1,0
BRDA:105,17,0,0
BRDA:105,17,1,0
BRDA:107,18,0,0
BRDA:107,18,1,0
BRDA:107,19,0,0
BRDA:107,19,1,0
BRDA:113,20,0,0
BRDA:113,20,1,0
BRDA:116,21,0,0
BRDA:116,21,1,0
BRDA:124,22,0,0
BRDA:124,22,1,0
BRDA:141,23,0,0
BRDA:141,23,1,0
BRDA:141,24,0,0
BRDA:141,24,1,0
BRF:53
BRH:0
end_of_record
TN:
SF:js/scroll-effects.js
FN:7,(anonymous_0)
FN:11,initObserver
FN:15,(anonymous_2)
FN:16,(anonymous_3)
FN:27,(anonymous_4)
FN:40,(anonymous_5)
FN:47,(anonymous_6)
FN:53,computeRate
FN:67,initParallax
FN:71,updateParallax
FN:73,(anonymous_10)
FN:89,onScroll
FN:112,(anonymous_12)
FNF:13
FNH:0
FNDA:0,(anonymous_0)
FNDA:0,initObserver
FNDA:0,(anonymous_2)
FNDA:0,(anonymous_3)
FNDA:0,(anonymous_4)
FNDA:0,(anonymous_5)
FNDA:0,(anonymous_6)
FNDA:0,computeRate
FNDA:0,initParallax
FNDA:0,updateParallax
FNDA:0,(anonymous_10)
FNDA:0,onScroll
FNDA:0,(anonymous_12)
DA:7,0
DA:9,0
DA:12,0
DA:14,0
DA:15,0
DA:16,0
DA:17,0
DA:18,0
DA:19,0
DA:20,0
DA:21,0
DA:22,0
DA:24,0
DA:25,0
DA:26,0
DA:27,0
DA:28,0
DA:31,0
DA:32,0
DA:33,0
DA:34,0
DA:35,0
DA:36,0
DA:37,0
DA:40,0
DA:41,0
DA:47,0
DA:48,0
DA:49,0
DA:54,0
DA:55,0
DA:57,0
DA:59,0
DA:61,0
DA:63,0
DA:68,0
DA:69,0
DA:72,0
DA:73,0
DA:74,0
DA:75,0
DA:76,0
DA:77,0
DA:78,0
DA:81,0
DA:83,0
DA:84,0
DA:86,0
DA:90,0
DA:91,0
DA:92,0
DA:96,0
DA:97,0
DA:100,0
DA:101,0
DA:103,0
DA:108,0
DA:109,0
DA:110,0
DA:112,0
DA:113,0
DA:114,0
LF:62
LH:0
BRDA:9,0,0,0
BRDA:9,0,1,0
BRDA:12,1,0,0
BRDA:12,1,1,0
BRDA:19,2,0,0
BRDA:19,2,1,0
BRDA:22,3,0,0
BRDA:22,3,1,0
BRDA:25,4,0,0
BRDA:25,4,1,0
BRDA:26,5,0,0
BRDA:26,5,1,0
BRDA:31,6,0,0
BRDA:31,6,1,0
BRDA:32,7,0,0
BRDA:32,7,1,0
BRDA:35,8,0,0
BRDA:35,8,1,0
BRDA:36,9,0,0
BRDA:36,9,1,0
BRDA:36,10,0,0
BRDA:36,10,1,0
BRDA:55,11,0,0
BRDA:55,11,1,0
BRDA:55,11,2,0
BRDA:55,11,3,0
BRDA:68,12,0,0
BRDA:68,12,1,0
BRDA:81,13,0,0
BRDA:81,13,1,0
BRDA:81,14,0,0
BRDA:81,14,1,0
BRDA:90,15,0,0
BRDA:90,15,1,0
BRDA:100,16,0,0
BRDA:100,16,1,0
BRDA:100,17,0,0
BRDA:100,17,1,0
BRDA:108,18,0,0
BRDA:108,18,1,0
BRDA:108,19,0,0
BRDA:108,19,1,0
BRF:42
BRH:0
end_of_record
TN:
SF:js/siderun.js
FN:1,(anonymous_0)
FN:10,clamp
FN:13,mix
FN:24,(anonymous_3)
FN:27,tick
FN:28,(anonymous_5)
FN:34,(anonymous_6)
FN:39,(anonymous_7)
FN:51,init
FN:52,(anonymous_9)
FN:54,(anonymous_10)
FN:157,setGeometry
FN:160,(anonymous_12)
FN:174,recalc
FN:221,updateTargets
FN:240,applyDashes
FN:267,step
FN:280,updateHoverFromRect
FN:289,updateHoverFromEvent
FN:290,(anonymous_19)
FN:304,handleEnter
FN:308,handleLeave
FN:325,(anonymous_22)
FN:329,(anonymous_23)
FN:332,(anonymous_24)
FN:343,(anonymous_25)
FN:351,(anonymous_26)
FN:355,(anonymous_27)
FN:374,(anonymous_28)
FN:386,(anonymous_29)
FNF:30
FNH:0
FNDA:0,(anonymous_0)
FNDA:0,clamp
FNDA:0,mix
FNDA:0,(anonymous_3)
FNDA:0,tick
FNDA:0,(anonymous_5)
FNDA:0,(anonymous_6)
FNDA:0,(anonymous_7)
FNDA:0,init
FNDA:0,(anonymous_9)
FNDA:0,(anonymous_10)
FNDA:0,setGeometry
FNDA:0,(anonymous_12)
FNDA:0,recalc
FNDA:0,updateTargets
FNDA:0,applyDashes
FNDA:0,step
FNDA:0,updateHoverFromRect
FNDA:0,updateHoverFromEvent
FNDA:0,(anonymous_19)
FNDA:0,handleEnter
FNDA:0,handleLeave
FNDA:0,(anonymous_22)
FNDA:0,(anonymous_23)
FNDA:0,(anonymous_24)
FNDA:0,(anonymous_25)
FNDA:0,(anonymous_26)
FNDA:0,(anonymous_27)
FNDA:0,(anonymous_28)
FNDA:0,(anonymous_29)
DA:1,0
DA:7,0
DA:11,0
DA:14,0
DA:18,0
DA:19,0
DA:20,0
DA:21,0
DA:24,0
DA:25,0
DA:26,0
DA:28,0
DA:29,0
DA:31,0
DA:33,0
DA:35,0
DA:36,0
DA:37,0
DA:39,0
DA:40,0
DA:41,0
DA:42,0
DA:43,0
DA:52,0
DA:53,0
DA:54,0
DA:57,0
DA:58,0
DA:59,0
DA:60,0
DA:61,0
DA:62,0
DA:66,0
DA:77,0
DA:78,0
DA:82,0
DA:83,0
DA:85,0
DA:86,0
DA:88,0
DA:89,0
DA:90,0
DA:91,0
DA:92,0
DA:94,0
DA:95,0
DA:97,0
DA:98,0
DA:100,0
DA:101,0
DA:102,0
DA:103,0
DA:104,0
DA:105,0
DA:106,0
DA:107,0
DA:109,0
DA:110,0
DA:111,0
DA:112,0
DA:113,0
DA:114,0
DA:117,0
DA:118,0
DA:119,0
DA:120,0
DA:122,0
DA:124,0
DA:127,0
DA:128,0
DA:130,0
DA:145,0
DA:146,0
DA:147,0
DA:149,0
DA:151,0
DA:152,0
DA:154,0
DA:158,0
DA:159,0
DA:160,0
DA:161,0
DA:162,0
DA:163,0
DA:164,0
DA:165,0
DA:168,0
DA:169,0
DA:170,0
DA:175,0
DA:176,0
DA:177,0
DA:178,0
DA:179,0
DA:180,0
DA:181,0
DA:183,0
DA:184,0
DA:186,0
DA:187,0
DA:188,0
DA:189,0
DA:193,0
DA:194,0
DA:195,0
DA:197,0
DA:199,0
DA:200,0
DA:201,0
DA:202,0
DA:203,0
DA:205,0
DA:206,0
DA:207,0
DA:208,0
DA:210,0
DA:212,0
DA:213,0
DA:214,0
DA:215,0
DA:217,0
DA:222,0
DA:223,0
DA:224,0
DA:225,0
DA:226,0
DA:227,0
DA:229,0
DA:230,0
DA:231,0
DA:234,0
DA:235,0
DA:241,0
DA:242,0
DA:243,0
DA:244,0
DA:245,0
DA:246,0
DA:247,0
DA:249,0
DA:250,0
DA:251,0
DA:252,0
DA:253,0
DA:256,0
DA:257,0
DA:258,0
DA:259,0
DA:260,0
DA:268,0
DA:269,0
DA:270,0
DA:271,0
DA:273,0
DA:274,0
DA:276,0
DA:281,0
DA:282,0
DA:283,0
DA:284,0
DA:285,0
DA:290,0
DA:291,0
DA:292,0
DA:293,0
DA:294,0
DA:295,0
DA:296,0
DA:298,0
DA:299,0
DA:305,0
DA:306,0
DA:309,0
DA:312,0
DA:313,0
DA:314,0
DA:315,0
DA:318,0
DA:320,0
DA:321,0
DA:324,0
DA:325,0
DA:326,0
DA:327,0
DA:329,0
DA:330,0
DA:332,0
DA:333,0
DA:335,0
DA:336,0
DA:337,0
DA:338,0
DA:340,0
DA:342,0
DA:343,0
DA:344,0
DA:345,0
DA:347,0
DA:348,0
DA:351,0
DA:352,0
DA:353,0
DA:355,0
DA:356,0
DA:358,0
DA:359,0
DA:360,0
DA:361,0
DA:366,0
DA:367,0
DA:368,0
DA:370,0
DA:371,0
DA:374,0
DA:375,0
DA:376,0
DA:377,0
DA:379,0
DA:380,0
DA:381,0
DA:383,0
DA:384,0
DA:385,0
DA:386,0
DA:387,0
DA:388,0
DA:390,0
DA:392,0
DA:393,0
DA:394,0
DA:395,0
DA:396,0
DA:397,0
DA:398,0
DA:399,0
DA:402,0
DA:403,0
DA:404,0
DA:405,0
DA:406,0
DA:407,0
DA:408,0
DA:412,0
DA:413,0
DA:415,0
DA:416,0
DA:417,0
DA:419,0
DA:420,0
DA:421,0
DA:423,0
DA:426,0
DA:430,0
DA:432,0
DA:436,0
DA:437,0
DA:438,0
DA:440,0
DA:441,0
LF:259
LH:0
BRDA:36,0,0,0
BRDA:36,0,1,0
BRDA:36,1,0,0
BRDA:36,1,1,0
BRDA:41,2,0,0
BRDA:41,2,1,0
BRDA:41,3,0,0
BRDA:41,3,1,0
BRDA:51,4,0,0
BRDA:52,5,0,0
BRDA:52,5,1,0
BRDA:54,6,0,0
BRDA:54,6,1,0
BRDA:59,7,0,0
BRDA:59,7,1,0
BRDA:61,8,0,0
BRDA:61,8,1,0
BRDA:78,9,0,0
BRDA:78,9,1,0
BRDA:118,10,0,0
BRDA:118,10,1,0
BRDA:118,11,0,0
BRDA:118,11,1,0
BRDA:119,12,0,0
BRDA:119,12,1,0
BRDA:119,13,0,0
BRDA:119,13,1,0
BRDA:154,14,0,0
BRDA:154,14,1,0
BRDA:176,15,0,0
BRDA:176,15,1,0
BRDA:195,16,0,0
BRDA:195,16,1,0
BRDA:195,17,0,0
BRDA:195,17,1,0
BRDA:212,18,0,0
BRDA:212,18,1,0
BRDA:213,19,0,0
BRDA:213,19,1,0
BRDA:222,20,0,0
BRDA:222,20,1,0
BRDA:223,21,0,0
BRDA:223,21,1,0
BRDA:224,22,0,0
BRDA:224,22,1,0
BRDA:224,23,0,0
BRDA:224,23,1,0
BRDA:234,24,0,0
BRDA:234,24,1,0
BRDA:235,25,0,0
BRDA:235,25,1,0
BRDA:241,26,0,0
BRDA:241,26,1,0
BRDA:269,27,0,0
BRDA:269,27,1,0
BRDA:284,28,0,0
BRDA:284,28,1,0
BRDA:285,29,0,0
BRDA:285,29,1,0
BRDA:294,30,0,0
BRDA:294,30,1,0
BRDA:295,31,0,0
BRDA:295,31,1,0
BRDA:298,32,0,0
BRDA:298,32,1,0
BRDA:318,33,0,0
BRDA:318,33,1,0
BRDA:321,34,0,0
BRDA:321,34,1,0
BRDA:324,35,0,0
BRDA:324,35,1,0
BRDA:342,36,0,0
BRDA:342,36,1,0
BRDA:375,37,0,0
BRDA:375,37,1,0
BRDA:379,38,0,0
BRDA:379,38,1,0
BRDA:385,39,0,0
BRDA:385,39,1,0
BRDA:392,40,0,0
BRDA:392,40,1,0
BRDA:394,41,0,0
BRDA:394,41,1,0
BRDA:402,42,0,0
BRDA:402,42,1,0
BRDA:404,43,0,0
BRDA:404,43,1,0
BRDA:416,44,0,0
BRDA:416,44,1,0
BRDA:417,45,0,0
BRDA:417,45,1,0
BRDA:420,46,0,0
BRDA:420,46,1,0
BRDA:437,47,0,0
BRDA:437,47,1,0
BRDA:437,48,0,0
BRDA:437,48,1,0
BRDA:440,49,0,0
BRDA:440,49,1,0
BRF:99
BRH:0
end_of_record
